Post-commit hook running...
Commit Hash: 3dfbc78d03826822da22397dfbe0d05747f5ef54
Changed Files: .gitignore
alembic.ini
alembic/README
alembic/__pycache__/env.cpython-39.pyc
alembic/env.py
alembic/script.py.mako
csv_fcts.py
hook_debug.log
mock_db.py
Post-commit hook running...
Skipping changelog update (already committed).
Post-commit hook running...
Commit Hash: f548d65a7365fb88104b9e8f4a6a18f12c40ed34
Changed Files: because_postgres_is_not_playing_along/alembic.ini
because_postgres_is_not_playing_along/alembic/README
because_postgres_is_not_playing_along/alembic/__pycache__/env.cpython-39.pyc
because_postgres_is_not_playing_along/alembic/env.py
because_postgres_is_not_playing_along/alembic/script.py.mako
because_postgres_is_not_playing_along/connect_db.py
because_postgres_is_not_playing_along/csv_ingestion.py
because_postgres_is_not_playing_along/csv_ingestion_2.py
because_postgres_is_not_playing_along/database.py
because_postgres_is_not_playing_along/docker-compose.yml
because_postgres_is_not_playing_along/schema.txt
hook_debug.log
Post-commit hook running...
Skipping changelog update (already committed).
Post-commit hook running...
Commit Hash: fafbd44bc5321fcc01ba2deda0f56e20923ddadf
Changed Files: README.md
__pycache__/settings.cpython-312.pyc
api.py
api/__init__.py
api/__pycache__/__init__.cpython-312.pyc
api/__pycache__/api.cpython-312.pyc
api/api.py
because_postgres_is_not_playing_along/ci.yml
because_postgres_is_not_playing_along/truDBapi.py
changelog.md
csv_fcts.py
fcts/__init__.py
fcts/__pycache__/__init__.cpython-312.pyc
fcts/__pycache__/csv_fcts.cpython-312.pyc
fcts/__pycache__/mock_db.cpython-312.pyc
fcts/csv_fcts.py
fcts/mock_db.py
hook_debug.log
logs/changelog.md
logs/hook_debug.log
logs/mypy.log
mock_db.py
models.py
models/__init__.py
models/__pycache__/__init__.cpython-312.pyc
models/__pycache__/models.cpython-312.pyc
models/__pycache__/models_entry.cpython-312.pyc
models/__pycache__/models_response.cpython-312.pyc
models/models_entry.py
models/models_response.py
Post-commit hook running...
Skipping changelog update (already committed).
Post-commit hook running...
Commit Hash: 6169b7a2ff9cf07b837c7095bf888ecaf9ec5a41
Changed Files: api/__pycache__/api.cpython-312.pyc
api/api.py
fcts/__pycache__/csv_fcts.cpython-312.pyc
fcts/csv_fcts.py
logs/hook_debug.log
models/__pycache__/models_response.cpython-312.pyc
models/models_response.py
tests/test_api.py
Post-commit hook running...
Skipping changelog update (already committed).
Post-commit hook running...
Commit Hash: d771cd98dff6df1502f0bba64bedb5b74ce19f51
Changed Files: .coverage
.gitignore
README.md
__pycache__/settings.cpython-312.pyc
api/__pycache__/api.cpython-312.pyc
api/api.py
because_postgres_is_not_playing_along/alembic.ini
because_postgres_is_not_playing_along/alembic/README
because_postgres_is_not_playing_along/alembic/__pycache__/env.cpython-39.pyc
because_postgres_is_not_playing_along/alembic/env.py
because_postgres_is_not_playing_along/alembic/script.py.mako
because_postgres_is_not_playing_along/ci.yml
because_postgres_is_not_playing_along/connect_db.py
because_postgres_is_not_playing_along/csv_ingestion.py
because_postgres_is_not_playing_along/csv_ingestion_2.py
because_postgres_is_not_playing_along/database.py
because_postgres_is_not_playing_along/docker-compose.yml
because_postgres_is_not_playing_along/schema.txt
because_postgres_is_not_playing_along/truDBapi.py
fcts/__pycache__/csv_fcts.cpython-312.pyc
fcts/__pycache__/mock_db.cpython-312.pyc
fcts/csv_fcts.py
fcts/mock_db.py
logs/hook_debug.log
logs/pytest.log
settings.py
tests/__pycache__/test_api.cpython-312-pytest-8.3.5.pyc
tests/__pycache__/test_csv_fcts.cpython-312-pytest-8.3.5.pyc
tests/__pycache__/test_mock_db.cpython-312-pytest-8.3.5.pyc
tests/test_api.py
tests/test_csv_fcts.py
tests/test_mock_db.py
Post-commit hook running...
Skipping changelog update (already committed).
Post-commit hook running...
Commit Hash: 1cd08de06699ff01ac9de4f14873287197840d6a
Changed Files: README.md
api/api.py
fcts/csv_fcts.py
fcts/mock_db.py
logs/black.log
logs/hook_debug.log
logs/ruff.log
models/models_entry.py
models/models_response.py
requirements.txt
tests/test_api.py
tests/test_csv_fcts.py
tests/test_mock_db.py
Post-commit hook running...
Skipping changelog update (already committed).
